c:\users\fyh\desktop\hook_d3d9\hook_d3d9\debug\vc141.pdb
c:\users\fyh\desktop\hook_d3d9\hook_d3d9\debug\vc141.idb
c:\users\fyh\desktop\hook_d3d9\hook_d3d9\debug\imgui_impl_win32.obj
c:\users\fyh\desktop\hook_d3d9\hook_d3d9\debug\imgui_impl_dx9.obj
c:\users\fyh\desktop\hook_d3d9\hook_d3d9\debug\imgui_widgets.obj
c:\users\fyh\desktop\hook_d3d9\hook_d3d9\debug\imgui_draw.obj
c:\users\fyh\desktop\hook_d3d9\hook_d3d9\debug\imgui_demo.obj
c:\users\fyh\desktop\hook_d3d9\hook_d3d9\debug\imgui.obj
c:\users\fyh\desktop\hook_d3d9\hook_d3d9\debug\grobalhook.obj
c:\users\fyh\desktop\hook_d3d9\hook_d3d9\debug\dllmain.obj
c:\users\fyh\desktop\hook_d3d9\debug\hook_d3d9.lib
c:\users\fyh\desktop\hook_d3d9\debug\hook_d3d9.exp
c:\users\fyh\desktop\hook_d3d9\debug\hook_d3d9.dll
c:\users\fyh\desktop\hook_d3d9\debug\hook_d3d9.ilk
c:\users\fyh\desktop\hook_d3d9\debug\hook_d3d9.pdb
c:\users\fyh\desktop\hook_d3d9\hook_d3d9\debug\hook_d3d9.tlog\cl.command.1.tlog
c:\users\fyh\desktop\hook_d3d9\hook_d3d9\debug\hook_d3d9.tlog\cl.read.1.tlog
c:\users\fyh\desktop\hook_d3d9\hook_d3d9\debug\hook_d3d9.tlog\cl.write.1.tlog
c:\users\fyh\desktop\hook_d3d9\hook_d3d9\debug\hook_d3d9.tlog\hook_d3d9.write.1u.tlog
c:\users\fyh\desktop\hook_d3d9\hook_d3d9\debug\hook_d3d9.tlog\link.command.1.tlog
c:\users\fyh\desktop\hook_d3d9\hook_d3d9\debug\hook_d3d9.tlog\link.read.1.tlog
c:\users\fyh\desktop\hook_d3d9\hook_d3d9\debug\hook_d3d9.tlog\link.write.1.tlog
